11:17:55,302 (main) INFO  [uniandes.isis2304.parranderos.interfazApp.InterfazHotelAndesApp] - Se encontró un archivo de configuración válido: Interfaz
11:17:55,303 (main) INFO  [uniandes.isis2304.parranderos.interfazApp.InterfazHotelAndesApp] - Se aplica configuración indicada en el archivo de configuración
11:17:55,339 (main) INFO  [uniandes.isis2304.parranderos.interfazApp.InterfazHotelAndesApp] - Se encontró un archivo de configuración válido: Tablas BD
11:43:47,186 (main) INFO  [uniandes.isis2304.parranderos.interfazApp.InterfazHotelAndesApp] - Se encontró un archivo de configuración válido: Interfaz
11:43:47,189 (main) INFO  [uniandes.isis2304.parranderos.interfazApp.InterfazHotelAndesApp] - Se aplica configuración indicada en el archivo de configuración
11:43:47,265 (main) INFO  [uniandes.isis2304.parranderos.interfazApp.InterfazHotelAndesApp] - Se encontró un archivo de configuración válido: Tablas BD
11:47:11,119 (main) INFO  [uniandes.isis2304.parranderos.interfazApp.InterfazHotelAndesApp] - Se encontró un archivo de configuración válido: Interfaz
11:47:11,122 (main) INFO  [uniandes.isis2304.parranderos.interfazApp.InterfazHotelAndesApp] - Se aplica configuración indicada en el archivo de configuración
11:47:11,189 (main) INFO  [uniandes.isis2304.parranderos.interfazApp.InterfazHotelAndesApp] - Se encontró un archivo de configuración válido: Tablas BD
11:52:19,647 (main) INFO  [uniandes.isis2304.parranderos.interfazApp.InterfazHotelAndesApp] - Se encontró un archivo de configuración válido: Interfaz
11:52:19,650 (main) INFO  [uniandes.isis2304.parranderos.interfazApp.InterfazHotelAndesApp] - Se aplica configuración indicada en el archivo de configuración
11:52:19,705 (main) INFO  [uniandes.isis2304.parranderos.interfazApp.InterfazHotelAndesApp] - Se encontró un archivo de configuración válido: Tablas BD
11:55:11,285 (main) INFO  [uniandes.isis2304.parranderos.interfazApp.InterfazHotelAndesApp] - Se encontró un archivo de configuración válido: Interfaz
11:55:11,287 (main) INFO  [uniandes.isis2304.parranderos.interfazApp.InterfazHotelAndesApp] - Se aplica configuración indicada en el archivo de configuración
11:55:11,320 (main) INFO  [uniandes.isis2304.parranderos.interfazApp.InterfazHotelAndesApp] - Se encontró un archivo de configuración válido: Tablas BD
11:58:32,349 (main) INFO  [uniandes.isis2304.parranderos.interfazApp.InterfazHotelAndesApp] - Se encontró un archivo de configuración válido: Interfaz
11:58:32,350 (main) INFO  [uniandes.isis2304.parranderos.interfazApp.InterfazHotelAndesApp] - Se aplica configuración indicada en el archivo de configuración
11:58:32,384 (main) INFO  [uniandes.isis2304.parranderos.interfazApp.InterfazHotelAndesApp] - Se encontró un archivo de configuración válido: Tablas BD
15:15:04,263 (main) INFO  [uniandes.isis2304.parranderos.interfazApp.InterfazHotelAndesApp] - Se encontró un archivo de configuración válido: Interfaz
15:15:04,264 (main) INFO  [uniandes.isis2304.parranderos.interfazApp.InterfazHotelAndesApp] - Se aplica configuración indicada en el archivo de configuración
15:15:04,295 (main) INFO  [uniandes.isis2304.parranderos.interfazApp.InterfazHotelAndesApp] - Se encontró un archivo de configuración válido: Tablas BD
15:17:41,270 (main) INFO  [uniandes.isis2304.parranderos.interfazApp.InterfazHotelAndesApp] - NO se encontró un archivo de configuración válido
15:17:43,840 (main) INFO  [uniandes.isis2304.parranderos.interfazApp.InterfazHotelAndesApp] - Se aplica configuración por defecto
15:17:43,846 (main) INFO  [uniandes.isis2304.parranderos.interfazApp.InterfazHotelAndesApp] - Se encontró un archivo de configuración válido: Tablas BD
15:21:04,024 (main) INFO  [uniandes.isis2304.parranderos.interfazApp.InterfazHotelAndesApp] - Se encontró un archivo de configuración válido: Interfaz
15:21:04,025 (main) INFO  [uniandes.isis2304.parranderos.interfazApp.InterfazHotelAndesApp] - Se aplica configuración indicada en el archivo de configuración
15:21:04,054 (main) INFO  [uniandes.isis2304.parranderos.interfazApp.InterfazHotelAndesApp] - Se encontró un archivo de configuración válido: Tablas BD
15:23:52,031 (main) INFO  [uniandes.isis2304.parranderos.interfazApp.InterfazHotelAndesApp] - Se encontró un archivo de configuración válido: Interfaz
15:23:52,032 (main) INFO  [uniandes.isis2304.parranderos.interfazApp.InterfazHotelAndesApp] - Se aplica configuración indicada en el archivo de configuración
15:23:52,056 (main) INFO  [uniandes.isis2304.parranderos.interfazApp.InterfazHotelAndesApp] - Se encontró un archivo de configuración válido: Tablas BD
15:30:30,636 (main) INFO  [uniandes.isis2304.parranderos.interfazApp.InterfazHotelAndesApp] - Se encontró un archivo de configuración válido: Interfaz
15:30:30,637 (main) INFO  [uniandes.isis2304.parranderos.interfazApp.InterfazHotelAndesApp] - Se aplica configuración indicada en el archivo de configuración
15:30:30,665 (main) INFO  [uniandes.isis2304.parranderos.interfazApp.InterfazHotelAndesApp] - Se encontró un archivo de configuración válido: Tablas BD
15:30:56,711 (main) INFO  [uniandes.isis2304.parranderos.interfazApp.InterfazHotelAndesApp] - Se encontró un archivo de configuración válido: Interfaz
15:30:56,712 (main) INFO  [uniandes.isis2304.parranderos.interfazApp.InterfazHotelAndesApp] - Se aplica configuración indicada en el archivo de configuración
15:30:56,740 (main) INFO  [uniandes.isis2304.parranderos.interfazApp.InterfazHotelAndesApp] - Se encontró un archivo de configuración válido: Tablas BD
15:36:11,492 (main) INFO  [uniandes.isis2304.parranderos.interfazApp.InterfazHotelAndesApp] - Se encontró un archivo de configuración válido: Interfaz
15:36:11,492 (main) INFO  [uniandes.isis2304.parranderos.interfazApp.InterfazHotelAndesApp] - Se aplica configuración indicada en el archivo de configuración
15:36:11,514 (main) INFO  [uniandes.isis2304.parranderos.interfazApp.InterfazHotelAndesApp] - Se encontró un archivo de configuración válido: Tablas BD
